INFO:     Will watch for changes in these directories: ['/workspace/smart-bus']
INFO:     Uvicorn running on http://0.0.0.0:8000 (Press CTRL+C to quit)
INFO:     Started reloader process [4435] using WatchFiles
INFO:     Started server process [4453]
INFO:     Waiting for application startup.
INFO:     Application startup complete.
INFO:     127.0.0.1:57996 - "GET /health HTTP/1.1" 200 OK
WARNING:  WatchFiles detected changes in 'frontend/node_modules/flatted/python/flatted.py'. Reloading...
INFO:     Shutting down
INFO:     Waiting for application shutdown.
INFO:     Application shutdown complete.
INFO:     Finished server process [4453]
INFO:     Started server process [5214]
INFO:     Waiting for application startup.
INFO:     Application startup complete.
WARNING:  WatchFiles detected changes in 'backend/app.py'. Reloading...
INFO:     Shutting down
INFO:     Waiting for application shutdown.
INFO:     Application shutdown complete.
INFO:     Finished server process [5214]
INFO:     Started server process [6233]
INFO:     Waiting for application startup.
INFO:     Application startup complete.
INFO:     127.0.0.1:52192 - "GET /static HTTP/1.1" 200 OK
INFO:     127.0.0.1:52206 - "GET /static HTTP/1.1" 200 OK
